<?xml version="1.0" encoding="UTF-8"?>
<testng-results ignored="1" total="3" passed="2" failed="0" skipped="0">
  <reporter-output>
  </reporter-output>
  <suite started-at="2020-02-01T18:42:33Z" name="Default suite" finished-at="2020-02-01T18:42:33Z" duration-ms="125">
    <groups>
    </groups>
    <test started-at="2020-02-01T18:42:33Z" name="Default test" finished-at="2020-02-01T18:42:33Z" duration-ms="125">
      <class name="com.TestNGBasicAnnotations.InvocationCountTest">
        <test-method signature="sum()[pri:0, instance:com.TestNGBasicAnnotations.InvocationCountTest@71def8f8]" started-at="2020-02-01T18:42:33Z" name="sum" finished-at="2020-02-01T18:42:33Z" duration-ms="32" status="PASS">
          <reporter-output>
          </reporter-output>
        </test-method> <!-- sum -->
        <test-method signature="sum()[pri:0, instance:com.TestNGBasicAnnotations.InvocationCountTest@71def8f8]" started-at="2020-02-01T18:42:33Z" name="sum" finished-at="2020-02-01T18:42:33Z" duration-ms="5" status="PASS">
          <reporter-output>
          </reporter-output>
        </test-method> <!-- sum -->
      </class> <!-- com.TestNGBasicAnnotations.InvocationCountTest -->
    </test> <!-- Default test -->
  </suite> <!-- Default suite -->
</testng-results>
