<?xml version="1.0" encoding="UTF-8"?>
<!-- Generated by org.testng.reporters.JUnitXMLReporter -->
<testsuite ignored="1" hostname="Ranjith-PC" failures="1" tests="8" name="Diferrent testing Feature" time="32.296" errors="0" timestamp="01 Feb 2020 18:33:57 GMT">
  <testcase classname="com.TestNGBasicAnnotations.AssertionTest" name="GetPageTitle" time="0.142">
    <failure type="junit.framework.ComparisonFailure" message="null expected:&amp;lt;[Amazon]&amp;gt; but was:&amp;lt;[Google]&amp;gt;">
      <![CDATA[junit.framework.ComparisonFailure: null expected:<[Amazon]> but was:<[Google]>
at junit.framework.Assert.assertEquals(Assert.java:81)
at junit.framework.Assert.assertEquals(Assert.java:87)
at com.TestNGBasicAnnotations.AssertionTest.GetPageTitle(AssertionTest.java:37)
... Removed 25 stack frames]]>
    </failure>
  </testcase> <!-- GetPageTitle -->
  <testcase classname="com.TestNGBasicAnnotations.ExpectedExceptionTest" name="ArrayException" time="0.006"/>
  <testcase classname="com.TestNGBasicAnnotations.ExpectedExceptionTest" name="NumberFormatException" time="0.034"/>
  <testcase classname="com.TestNGBasicAnnotations.InvocationCountTest" name="sum" time="0.025"/>
  <testcase classname="com.TestNGBasicAnnotations.InvocationCountTest" name="sum" time="0.02"/>
  <testcase classname="com.TestNGBasicAnnotations.TestNGBASICS" name="TestCase1" time="0.012"/>
  <testcase classname="com.TestNGBasicAnnotations.TestNGBASICS" name="TestCase2" time="0.008"/>
  <testcase classname="com.TestNGBasicAnnotations.TestNGBASICS" name="TestCase3" time="0.008"/>
  <testcase classname="com.TestNGBasicAnnotations.InvocationCountTest" name="sum1" time="0.0">
    <ignored/>
  </testcase> <!-- sum1 -->
</testsuite> <!-- Diferrent testing Feature -->
