<?xml version="1.0" encoding="UTF-8"?>
<!-- Generated by org.testng.reporters.JUnitXMLReporter -->
<testsuite ignored="1" hostname="Ranjith-PC" failures="0" tests="2" name="Default test" time="0.125" errors="0" timestamp="01 Feb 2020 18:42:33 GMT">
  <testcase classname="com.TestNGBasicAnnotations.InvocationCountTest" name="sum" time="0.032"/>
  <testcase classname="com.TestNGBasicAnnotations.InvocationCountTest" name="sum" time="0.005"/>
  <testcase classname="com.TestNGBasicAnnotations.InvocationCountTest" name="sum1" time="0.0">
    <ignored/>
  </testcase> <!-- sum1 -->
</testsuite> <!-- Default test -->
